============================= test session starts ==============================
platform darwin -- Python 3.12.8, pytest-9.0.2, pluggy-1.6.0 -- /usr/local/bin/python3
cachedir: .pytest_cache
rootdir: /Users/user/ai-video-marketing/backend
configfile: pytest.ini
plugins: anyio-4.10.0, asyncio-1.3.0
asyncio: mode=Mode.AUTO, debug=False, asyncio_default_fixture_loop_scope=function, asyncio_default_test_loop_scope=function
collecting ... collected 26 items

tests/services/test_storyboard_generator.py::TestStoryboardGeneratorBase::test_import_base_class PASSED [  3%]
tests/services/test_storyboard_generator.py::TestStoryboardGeneratorBase::test_base_class_is_abstract PASSED [  7%]
tests/services/test_storyboard_generator.py::TestMockStoryboardGenerator::test_mock_generator_import PASSED [ 11%]
tests/services/test_storyboard_generator.py::TestMockStoryboardGenerator::test_mock_generator_instantiation PASSED [ 15%]
tests/services/test_storyboard_generator.py::TestMockStoryboardGenerator::test_mock_generate_reference_structure_mode PASSED [ 19%]
tests/services/test_storyboard_generator.py::TestMockStoryboardGenerator::test_mock_generate_ai_optimized_mode PASSED [ 23%]
tests/services/test_storyboard_generator.py::TestMockStoryboardGenerator::test_mock_generate_with_target_duration PASSED [ 26%]
tests/services/test_storyboard_generator.py::TestMockStoryboardGenerator::test_mock_generate_scene_content_quality PASSED [ 30%]
tests/services/test_storyboard_generator.py::TestStoryboardGeneratorFactory::test_factory_import PASSED [ 34%]
tests/services/test_storyboard_generator.py::TestStoryboardGeneratorFactory::test_factory_create_mock PASSED [ 38%]
tests/services/test_storyboard_generator.py::TestStoryboardGeneratorFactory::test_factory_available_providers PASSED [ 42%]
tests/services/test_storyboard_generator.py::TestStoryboardGeneratorFactory::test_factory_invalid_provider PASSED [ 46%]
tests/services/test_storyboard_generator.py::TestGetStoryboardGenerator::test_get_mock_generator PASSED [ 50%]
tests/services/test_storyboard_generator.py::TestGetStoryboardGenerator::test_get_storyboard_generator_default_mock PASSED [ 53%]
tests/services/test_storyboard_generator.py::TestGeminiStoryboardGenerator::test_gemini_generator_import PASSED [ 57%]
tests/services/test_storyboard_generator.py::TestGeminiStoryboardGenerator::test_gemini_generator_instantiation PASSED [ 61%]
tests/services/test_storyboard_generator.py::TestStoryboardGeneratorIntegration::test_mock_generator_returns_valid_storyboard PASSED [ 65%]
tests/services/test_storyboard_generator.py::TestStoryboardGeneratorIntegration::test_reference_structure_mode_maintains_segment_types PASSED [ 69%]
tests/services/test_storyboard_generator.py::TestStoryboardGeneratorIntegration::test_storyboard_duration_calculation PASSED [ 73%]
tests/services/test_storyboard_generator.py::TestStoryboardGeneratorEdgeCases::test_generate_with_empty_segments PASSED [ 76%]
tests/services/test_storyboard_generator.py::TestStoryboardGeneratorEdgeCases::test_generate_with_missing_optional_fields PASSED [ 80%]
tests/services/test_storyboard_generator.py::TestStoryboardGeneratorEdgeCases::test_ai_optimized_with_minimal_insights PASSED [ 84%]
tests/services/test_storyboard_generator.py::TestStoryboardGeneratorEdgeCases::test_invalid_generation_mode_raises_error PASSED [ 88%]
tests/services/test_storyboard_generator.py::TestStoryboardGeneratorEdgeCases::test_factory_with_invalid_provider PASSED [ 92%]
tests/services/test_storyboard_generator.py::TestStoryboardGeneratorEdgeCases::test_scene_numbers_are_sequential PASSED [ 96%]
tests/services/test_storyboard_generator.py::TestStoryboardGeneratorEdgeCases::test_all_scene_durations_are_positive PASSED [100%]

=============================== warnings summary ===============================
../../../../Library/Frameworks/Python.framework/Versions/3.12/lib/python3.12/site-packages/pydantic/_internal/_config.py:271
../../../../Library/Frameworks/Python.framework/Versions/3.12/lib/python3.12/site-packages/pydantic/_internal/_config.py:271
../../../../Library/Frameworks/Python.framework/Versions/3.12/lib/python3.12/site-packages/pydantic/_internal/_config.py:271
../../../../Library/Frameworks/Python.framework/Versions/3.12/lib/python3.12/site-packages/pydantic/_internal/_config.py:271
../../../../Library/Frameworks/Python.framework/Versions/3.12/lib/python3.12/site-packages/pydantic/_internal/_config.py:271
  /Library/Frameworks/Python.framework/Versions/3.12/lib/python3.12/site-packages/pydantic/_internal/_config.py:271: PydanticDeprecatedSince20: Support for class-based `config` is deprecated, use ConfigDict instead. Deprecated in Pydantic V2.0 to be removed in V3.0. See Pydantic V2 Migration Guide at https://errors.pydantic.dev/2.5/migration/
    warnings.warn(DEPRECATION_MESSAGE, DeprecationWarning)

<frozen importlib._bootstrap>:488
  <frozen importlib._bootstrap>:488: DeprecationWarning: Type google._upb._message.MessageMapContainer uses PyType_Spec with a metaclass that has custom tp_new. This is deprecated and will no longer be allowed in Python 3.14.

<frozen importlib._bootstrap>:488
  <frozen importlib._bootstrap>:488: DeprecationWarning: Type google._upb._message.ScalarMapContainer uses PyType_Spec with a metaclass that has custom tp_new. This is deprecated and will no longer be allowed in Python 3.14.

-- Docs: https://docs.pytest.org/en/stable/how-to/capture-warnings.html
======================== 26 passed, 7 warnings in 1.34s ========================
